<?xml version="1.0" encoding="UTF-8"?>
<testsuite xmlns:xsi="http://www.w3.org/2001/XMLSchema-instance" xsi:noNamespaceSchemaLocation="https://maven.apache.org/surefire/maven-surefire-plugin/xsd/surefire-test-report.xsd" version="3.0.2" name="com.ronlab.blockshuffle.listener.RGAEventListenerTest" time="1.617" tests="5" errors="0" skipped="0" failures="0">
  <properties>
[...]
</properties>
  <testcase name="onMinigameStart_ignoresOtherGames" classname="com.ronlab.blockshuffle.listener.RGAEventListenerTest" time="1.564">
    <system-err><![CDATA[Mockito is currently self-attaching to enable the inline-mock-maker. This will no longer work in future releases of the JDK. Please add Mockito as an agent to your build as described in Mockito's documentation: https://javadoc.io/doc/org.mockito/mockito-core/latest/org/mockito/Mockito.html#0.3
WARNING: A Java agent has been loaded dynamically (C:\Users\Aaron\.m2\repository\net\bytebuddy\byte-buddy-agent\1.17.1\byte-buddy-agent-1.17.1.jar)
WARNING: If a serviceability tool is in use, please run with -XX:+EnableDynamicAgentLoading to hide this warning
WARNING: If a serviceability tool is not in use, please run with -Djdk.instrument.traceUsage for more information
WARNING: Dynamic loading of agents will be disallowed by default in a future release
]]></system-err>
  </testcase>
  <testcase name="onMinigameStart_cancelsIfWorldNotFound" classname="com.ronlab.blockshuffle.listener.RGAEventListenerTest" time="0.007"/>
  <testcase name="onMinigameConclude_populatesScoresAndResets" classname="com.ronlab.blockshuffle.listener.RGAEventListenerTest" time="0.009"/>
  <testcase name="onMinigameStart_startsGameOnValidPayload" classname="com.ronlab.blockshuffle.listener.RGAEventListenerTest" time="0.004"/>
  <testcase name="onMinigameStart_cancelsIfInProgress" classname="com.ronlab.blockshuffle.listener.RGAEventListenerTest" time="0.002"/>
</testsuite>